<?xml version="1.0" encoding="UTF-8"?>
<!-- Generated by org.testng.reporters.JUnitReportReporter -->
<testsuite hostname="CESIT-LAP-0135" failures="0" tests="2" name="cesAuto.RunnerCES" time="13.715" errors="0" timestamp="2022-07-26T23:14:21 IST" skipped="0">
  <testcase classname="cesAuto.RunnerCES" name="testCases" time="6.860"/>
  <system-out/>
  <testcase classname="cesAuto.RunnerCES" name="testCases" time="6.855"/>
  <system-out/>
</testsuite> <!-- cesAuto.RunnerCES -->
